
> monport@1.0.0 build
> tsc

src/components/DeployTab.tsx(3,34): error TS2307: Cannot find module 'nft.storage' or its corresponding type declarations.
src/components/DeployTab.tsx(5,41): error TS7016: Could not find a declaration file for module '../utils/contracts'. '/data/data/com.termux/files/home/Monport/src/utils/contracts.js' implicitly has an 'any' type.
src/components/DeployTab.tsx(16,16): error TS2339: Property 'ethereum' does not exist on type 'Window & typeof globalThis'.
src/components/DeployTab.tsx(17,51): error TS2339: Property 'ethereum' does not exist on type 'Window & typeof globalThis'.
src/components/DeployTab.tsx(36,38): error TS2339: Property 'name' does not exist on type 'never'.
src/components/DeployTab.tsx(36,57): error TS2339: Property 'type' does not exist on type 'never'.
src/components/DeployTab.tsx(39,51): error TS2339: Property 'ethereum' does not exist on type 'Window & typeof globalThis'.
src/components/DeployTab.tsx(64,68): error TS18047: 'e.target.files' is possibly 'null'.
src/components/DeployTab.tsx(64,68): error TS2345: Argument of type 'File' is not assignable to parameter of type 'SetStateAction<null>'.
  Type 'File' provides no match for the signature '(prevState: null): null'.
src/components/LeaderboardTab.tsx(2,57): error TS7016: Could not find a declaration file for module '../utils/farcaster'. '/data/data/com.termux/files/home/Monport/src/utils/farcaster.js' implicitly has an 'any' type.
src/components/LeaderboardTab.tsx(11,16): error TS2339: Property 'ethereum' does not exist on type 'Window & typeof globalThis'.
src/components/LeaderboardTab.tsx(12,37): error TS2339: Property 'ethereum' does not exist on type 'Window & typeof globalThis'.
src/components/LeaderboardTab.tsx(49,33): error TS2339: Property 'avatar' does not exist on type 'never'.
src/components/LeaderboardTab.tsx(50,29): error TS2339: Property 'username' does not exist on type 'never'.
src/components/LeaderboardTab.tsx(51,35): error TS2339: Property 'points' does not exist on type 'never'.
src/components/LeaderboardTab.tsx(57,55): error TS2339: Property 'address' does not exist on type 'never'.
src/components/LeaderboardTab.tsx(59,28): error TS2339: Property 'avatar' does not exist on type 'never'.
src/components/LeaderboardTab.tsx(60,47): error TS2339: Property 'username' does not exist on type 'never'.
src/components/LeaderboardTab.tsx(61,44): error TS2339: Property 'points' does not exist on type 'never'.
src/components/ProfileTab.tsx(3,37): error TS7016: Could not find a declaration file for module '../utils/farcaster'. '/data/data/com.termux/files/home/Monport/src/utils/farcaster.js' implicitly has an 'any' type.
src/components/ProfileTab.tsx(14,16): error TS2339: Property 'ethereum' does not exist on type 'Window & typeof globalThis'.
src/components/ProfileTab.tsx(16,53): error TS2339: Property 'ethereum' does not exist on type 'Window & typeof globalThis'.
src/components/ProfileTab.tsx(17,39): error TS2339: Property 'ethereum' does not exist on type 'Window & typeof globalThis'.
src/components/ProfileTab.tsx(28,51): error TS2339: Property 'ethereum' does not exist on type 'Window & typeof globalThis'.
src/components/ProfileTab.tsx(64,30): error TS2339: Property 'avatar' does not exist on type 'never'.
src/components/ProfileTab.tsx(65,26): error TS2339: Property 'username' does not exist on type 'never'.
src/components/SwapTab.tsx(5,27): error TS7016: Could not find a declaration file for module './TokenSelector'. '/data/data/com.termux/files/home/Monport/src/components/TokenSelector.js' implicitly has an 'any' type.
src/components/SwapTab.tsx(6,53): error TS7016: Could not find a declaration file for module '../utils/wallet'. '/data/data/com.termux/files/home/Monport/src/utils/wallet.js' implicitly has an 'any' type.
src/components/SwapTab.tsx(8,42): error TS2307: Cannot find module '../sdk' or its corresponding type declarations.
src/components/SwapTab.tsx(67,15): error TS2345: Argument of type '{ address: string; symbol: any; decimals: any; }[]' is not assignable to parameter of type 'SetStateAction<never[]>'.
  Type '{ address: string; symbol: any; decimals: any; }[]' is not assignable to type 'never[]'.
    Type '{ address: string; symbol: any; decimals: any; }' is not assignable to type 'never'.
src/components/SwapTab.tsx(71,7): error TS7053: Element implicitly has an 'any' type because expression of type 'string' can't be used to index type '{}'.
  No index signature with a parameter of type 'string' was found on type '{}'.
src/components/SwapTab.tsx(75,18): error TS2345: Argument of type '{ address: string; symbol: any; decimals: any; }' is not assignable to parameter of type 'SetStateAction<null>'.
  Type '{ address: string; symbol: any; decimals: any; }' provides no match for the signature '(prevState: null): null'.
src/components/SwapTab.tsx(76,16): error TS2345: Argument of type '{ address: string; symbol: any; decimals: any; }' is not assignable to parameter of type 'SetStateAction<null>'.
  Type '{ address: string; symbol: any; decimals: any; }' provides no match for the signature '(prevState: null): null'.
src/components/SwapTab.tsx(79,34): error TS7006: Parameter 'token' implicitly has an 'any' type.
src/components/SwapTab.tsx(82,49): error TS2339: Property 'ethereum' does not exist on type 'Window & typeof globalThis'.
src/components/SwapTab.tsx(97,48): error TS2339: Property 'symbol' does not exist on type 'never'.
src/components/SwapTab.tsx(97,64): error TS2339: Property 'symbol' does not exist on type 'never'.
src/components/SwapTab.tsx(99,17): error TS2345: Argument of type 'number' is not assignable to parameter of type 'SetStateAction<string>'.
src/components/SwapTab.tsx(108,57): error TS2339: Property 'address' does not exist on type 'never'.
src/components/SwapTab.tsx(108,74): error TS2339: Property 'address' does not exist on type 'never'.
src/components/SwapTab.tsx(108,116): error TS2339: Property 'decimals' does not exist on type 'never'.
src/components/WelcomeTab.tsx(15,16): error TS2339: Property 'ethereum' does not exist on type 'Window & typeof globalThis'.
src/components/WelcomeTab.tsx(16,37): error TS2339: Property 'ethereum' does not exist on type 'Window & typeof globalThis'.
src/components/WelcomeTab.tsx(24,51): error TS2339: Property 'ethereum' does not exist on type 'Window & typeof globalThis'.
src/index.tsx(7,25): error TS2345: Argument of type 'HTMLElement | null' is not assignable to parameter of type 'Container'.
  Type 'null' is not assignable to type 'Container'.
